(21:29:16) INFO:    [Legendary]:        Legendary location: /opt/Heroic/resources/app.asar.unpacked/build/bin/linux/legendary
(21:29:16) INFO:    [Gog]:              GOGDL location: /opt/Heroic/resources/app.asar.unpacked/build/bin/linux/gogdl
(21:29:16) INFO:    [Connection]:       Connectivity: check-online
(21:29:16) INFO:    [Connection]:       Pinging external endpoints
(21:29:16) INFO:    [Backend]:          DRM module staus {
  "oimompecagnajdejgnnjijobebaeigek": {
    "name": "Widevine Content Decryption Module",
    "status": "new",
    "version": "4.10.2557.0"
  }
}
(21:29:16) WARNING: [Backend]:          Protocol already registered.
(21:29:16) INFO:    [Connection]:       Connectivity: online
(21:29:16) ERROR:   [Gog]:              Unable to syncQueued playtime, userData not present
(21:29:17) INFO:    [Legendary]:        Running command: XDG_CONFIG_HOME=/home/christian/.config/heroic/legendaryConfig /opt/Heroic/resources/app.asar.unpacked/build/bin/linux/legendary --version
(21:29:17) INFO:    [Gog]:              Running command: /opt/Heroic/resources/app.asar.unpacked/build/bin/linux/gogdl --auth-config-path /home/christian/.config/heroic/gog_store/auth.json --version
(21:29:17) INFO:    [Nile]:             Running command: XDG_CONFIG_HOME=/home/christian/.config/heroic/nile_config /opt/Heroic/resources/app.asar.unpacked/build/bin/linux/nile --version
(21:29:17) INFO:    [Backend]:          AreWeAntiCheatYet data downloaded
(21:29:17) INFO:    [Backend]:          
System Information:
CPU: 8x Intel(R) Xeon(R) CPU E3-1230 v3 @ 3.30GHz
Memory: 16.69 GB (used: 4.84 GB)
GPUs:
  GPU 0:
    Name: NVIDIA Corporation GP104 [GeForce GTX 1080]
    IDs: D=1b80 V=10de SD=6183 SV=3842
    Driver: nouveau
OS: Ubuntu 23.04 (Lunar Lobster) (linux)

The current system is not a Steam Deck
We are not running inside a Flatpak container

Software Versions:
  Heroic: 2.9.2 Boa Hancock
  Legendary: 0.20.32 Dark Energy (hotfix #6)
  gogdl: 0.7.3
  Nile: 1.0.0 Jonathan Joestar

(21:29:17) INFO:    [Backend]:          Loading Screen Ready
(21:29:17) INFO:    [Frontend]:         Refreshing undefined Library
(21:29:17) WARNING: [Backend]:          refresh not implemented on Sideload Library Manager
(21:29:17) INFO:    [Legendary]:        Refreshing library...
(21:29:17) INFO:    [Legendary]:        Refreshing Epic Games...
(21:29:18) INFO:    [Legendary]:        Game list updated, got 344 games & DLCs
(21:29:18) INFO:    [Backend]:          Frontend Ready
(21:29:18) WARNING: [Backend]:          listUpdateableGames not implemented on Sideload Library Manager
(21:29:18) INFO:    [Gog]:              Found 0 game(s) to update
(21:29:18) INFO:    [Legendary]:        Running command: XDG_CONFIG_HOME=/home/christian/.config/heroic/legendaryConfig /opt/Heroic/resources/app.asar.unpacked/build/bin/linux/legendary list --third-party
(21:29:18) INFO:    [Backend]:          Checking for new Heroic Updates
(21:29:18) INFO:    [Backend]:          Checking for current version changelog
(21:29:18) INFO:    [Legendary]:        Checking for game updates: XDG_CONFIG_HOME=/home/christian/.config/heroic/legendaryConfig /opt/Heroic/resources/app.asar.unpacked/build/bin/linux/legendary list --third-party
(21:29:19) WARNING: [DXVKInstaller]:    No GPU with Vulkan 1.1 support found, DXVK will not work
(21:29:19) INFO:    [Winetricks]:       Downloading Winetricks
(21:29:22) INFO:    [Legendary]:        Found 0 games to update
(21:29:23) INFO:    [Backend]:          Starting the Download Queue
(21:33:56) INFO:    [ExtraGameInfo]:    Getting ExtraGameInfo data for Tacoma
(21:33:56) INFO:    [ExtraGameInfo]:    Getting PCGamingWiki data for Tacoma
(21:33:56) INFO:    [ExtraGameInfo]:    Getting HowLongToBeat data for Tacoma
(21:33:56) INFO:    [ExtraGameInfo]:    Getting GamesDB data for Tacoma
(21:33:56) INFO:    [ExtraGameInfo]:    Getting ExtraGameInfo data for Tacoma
(21:33:56) INFO:    [ExtraGameInfo]:    Getting PCGamingWiki data for Tacoma
(21:33:56) INFO:    [ExtraGameInfo]:    Getting HowLongToBeat data for Tacoma
(21:33:56) INFO:    [ExtraGameInfo]:    Getting GamesDB data for Tacoma
(21:33:56) INFO:    [Legendary]:        Getting more details with 'legendary info'
(21:33:56) INFO:    [Legendary]:        Getting more details with 'legendary info'
(21:33:56) ERROR:   [ExtraGameInfo]:    Was not able to get HowLongToBeat data for Tacoma Error: Error: Request failed with status code 403
    at HltbSearch.<anonymous> (/opt/Heroic/resources/app.asar/node_modules/howlongtobeat/dist/main/hltbsearch.js:96:27)
    at Generator.throw (<anonymous>)
    at rejected (/opt/Heroic/resources/app.asar/node_modules/howlongtobeat/dist/main/hltbsearch.js:5:65)
    at process.processTicksAndRejections (node:internal/process/task_queues:95:5)
(21:33:56) ERROR:   [ExtraGameInfo]:    Was not able to get HowLongToBeat data for Tacoma Error: Error: Request failed with status code 403
    at HltbSearch.<anonymous> (/opt/Heroic/resources/app.asar/node_modules/howlongtobeat/dist/main/hltbsearch.js:96:27)
    at Generator.throw (<anonymous>)
    at rejected (/opt/Heroic/resources/app.asar/node_modules/howlongtobeat/dist/main/hltbsearch.js:5:65)
    at process.processTicksAndRejections (node:internal/process/task_queues:95:5)
(21:33:56) INFO:    [Legendary]:        Running command: XDG_CONFIG_HOME=/home/christian/.config/heroic/legendaryConfig /opt/Heroic/resources/app.asar.unpacked/build/bin/linux/legendary info Flagfin --json --platform Windows
(21:33:56) INFO:    [Legendary]:        Running command: XDG_CONFIG_HOME=/home/christian/.config/heroic/legendaryConfig /opt/Heroic/resources/app.asar.unpacked/build/bin/linux/legendary info Flagfin --json --platform Windows
(21:33:57) DEBUG:   [Backend]:          ProtonDB data for 343860 {"bestReportedTier":"platinum","confidence":"low","score":0.38,"tier":"gold","total":5,"trendingTier":"gold"}
(21:33:57) DEBUG:   [Backend]:          SteamDeck data for 343860 {"success":1,"results":{"appid":343860,"resolved_category":3,"resolved_items":[{"display_type":4,"loc_token":"#SteamDeckVerified_TestResult_DefaultControllerConfigFullyFunctional"},{"display_type":4,"loc_token":"#SteamDeckVerified_TestResult_ControllerGlyphsMatchDeckDevice"},{"display_type":4,"loc_token":"#SteamDeckVerified_TestResult_InterfaceTextIsLegible"},{"display_type":4,"loc_token":"#SteamDeckVerified_TestResult_DefaultConfigurationIsPerformant"}],"steam_deck_blog_url":"","search_id":null}}
(21:33:57) INFO:    [Legendary]:        Getting Info from Epic API
(21:33:57) DEBUG:   [Backend]:          ProtonDB data for 343860 {"bestReportedTier":"platinum","confidence":"low","score":0.38,"tier":"gold","total":5,"trendingTier":"gold"}
(21:33:57) DEBUG:   [Backend]:          SteamDeck data for 343860 {"success":1,"results":{"appid":343860,"resolved_category":3,"resolved_items":[{"display_type":4,"loc_token":"#SteamDeckVerified_TestResult_DefaultControllerConfigFullyFunctional"},{"display_type":4,"loc_token":"#SteamDeckVerified_TestResult_ControllerGlyphsMatchDeckDevice"},{"display_type":4,"loc_token":"#SteamDeckVerified_TestResult_InterfaceTextIsLegible"},{"display_type":4,"loc_token":"#SteamDeckVerified_TestResult_DefaultConfigurationIsPerformant"}],"steam_deck_blog_url":"","search_id":null}}
