(16:08:42) INFO:    [Legendary]:        Running command: XDG_CONFIG_HOME=/home/christian/.config/heroic/legendaryConfig /opt/Heroic/resources/app.asar.unpacked/build/bin/linux/legendary --version
(16:08:42) INFO:    [Legendary]:        Legendary location: /opt/Heroic/resources/app.asar.unpacked/build/bin/linux/legendary
(16:08:42) INFO:    [Gog]:              GOGDL location: /opt/Heroic/resources/app.asar.unpacked/build/bin/linux/gogdl
(16:08:42) INFO:    [Connection]:       Connectivity: check-online
(16:08:42) INFO:    [Connection]:       Pinging external endpoints
(16:08:42) INFO:    [Backend]:          DRM module staus {
  "oimompecagnajdejgnnjijobebaeigek": {
    "name": "Widevine Content Decryption Module",
    "status": "new",
    "version": "4.10.2557.0"
  }
}
(16:08:43) WARNING: [Backend]:          Protocol already registered.
(16:08:43) INFO:    [Connection]:       Connectivity: online
(16:08:43) ERROR:   [Gog]:              Unable to syncQueued playtime, userData not present
(16:08:43) INFO:    [Gog]:              Running command: /opt/Heroic/resources/app.asar.unpacked/build/bin/linux/gogdl --auth-config-path /home/christian/.config/heroic/gog_store/auth.json --version
(16:08:43) INFO:    [Backend]:          AreWeAntiCheatYet data downloaded
(16:08:43) INFO:    [Nile]:             Running command: XDG_CONFIG_HOME=/home/christian/.config/heroic/nile_config /opt/Heroic/resources/app.asar.unpacked/build/bin/linux/nile --version
(16:08:44) INFO:    [Backend]:          Loading Screen Ready
(16:08:44) INFO:    [Frontend]:         Refreshing undefined Library
(16:08:44) WARNING: [Backend]:          refresh not implemented on Sideload Library Manager
(16:08:44) INFO:    [Legendary]:        Refreshing library...
(16:08:44) INFO:    [Legendary]:        Refreshing Epic Games...
(16:08:44) INFO:    [Legendary]:        Game list updated, got 342 games & DLCs
(16:08:44) INFO:    [Backend]:          Frontend Ready
(16:08:44) WARNING: [Backend]:          listUpdateableGames not implemented on Sideload Library Manager
(16:08:44) INFO:    [Gog]:              Found 0 game(s) to update
(16:08:44) INFO:    [Legendary]:        Running command: XDG_CONFIG_HOME=/home/christian/.config/heroic/legendaryConfig /opt/Heroic/resources/app.asar.unpacked/build/bin/linux/legendary list --third-party
(16:08:44) INFO:    [Backend]:          

Heroic Version: 2.9.1 Boa Hancock
Legendary Version:  0.20.32 Dark Energy (hotfix #6)
GOGdl Version: 0.7.3
Nile Version: 1.0.0 Jonathan Joestar

Electron Version: 24.4.1
Chrome Version: 112.0.5615.204
NodeJS Version: 18.14.0

OS: Ubuntu KERNEL: 6.2.0-31-generic ARCH: x64
CPU: Intel Xeon® E3-1230 v3 @3.3 GOVERNOR: schedutil
RAM: Total: 15.54 GiB Available: 11.34 GiB
GRAPHICS: GPU0: GP104 [GeForce GTX 1080]  VRAM: 32MB 
PROTOCOL: wayland

(16:08:44) INFO:    [Backend]:          Checking for new Heroic Updates
(16:08:44) INFO:    [Backend]:          Checking for current version changelog
(16:08:44) INFO:    [Legendary]:        Checking for game updates: XDG_CONFIG_HOME=/home/christian/.config/heroic/legendaryConfig /opt/Heroic/resources/app.asar.unpacked/build/bin/linux/legendary list --third-party
(16:08:46) WARNING: [DXVKInstaller]:    No GPU with Vulkan 1.1 support found, DXVK will not work
(16:08:46) INFO:    [Winetricks]:       Downloading Winetricks
(16:08:48) INFO:    [Legendary]:        Found 0 games to update
(16:08:49) INFO:    [Backend]:          Starting the Download Queue
