System Info:
CPU: 8x Intel(R) Xeon(R) CPU E3-1230 v3 @ 3.30GHz
Memory: 16.69 GB (used: 4.94 GB)
GPUs:
  GPU 0:
    Name: NVIDIA Corporation GP104 [GeForce GTX 1080]
    IDs: D=1b80 V=10de SD=6183 SV=3842
    Driver: nouveau
OS: Ubuntu 23.04 (Lunar Lobster) (linux)

The current system is not a Steam Deck
We are not running inside a Flatpak container

Software Versions:
  Heroic: 2.9.2 Boa Hancock
  Legendary: 0.20.32 Dark Energy (hotfix #6)
  gogdl: 0.7.3
  Nile: 1.0.0 Jonathan Joestar

Game Settings: {
	"autoInstallDxvk": true,
	"autoInstallVkd3d": true,
	"preferSystemLibs": false,
	"enableEsync": true,
	"enableFsync": true,
	"nvidiaPrime": false,
	"enviromentOptions": [],
	"wrapperOptions": [],
	"savesPath": "/home/christian/Games/Heroic/Prefixes/default/Cyberpunk 2077/drive_c/users/christian/Saved Games/CD Projekt Red/Cyberpunk 2077",
	"showFps": false,
	"useGameMode": false,
	"language": "",
	"wineVersion": {
		"bin": "/home/christian/.local/share/Steam/steamapps/common/Proton 8.0/proton",
		"name": "Proton - Proton 8.0",
		"type": "proton"
	},
	"winePrefix": "/home/christian/Games/Heroic/Prefixes/default/Cyberpunk 2077",
	"wineCrossoverBottle": "",
	"eacRuntime": true,
	"battlEyeRuntime": true,
	"autoInstallDxvkNvapi": true
}

Game launched at: Mon Sep 25 2023 22:08:27 GMT+0200 (Central European Summer Time)

Launch Command: HEROIC_APP_NAME=Ginger HEROIC_APP_RUNNER=legendary HEROIC_APP_SOURCE=epic LD_PRELOAD= DOTNET_BUNDLE_EXTRACT_BASE_DIR= STEAM_COMPAT_CLIENT_INSTALL_PATH=/home/christian/.steam/steam STEAM_COMPAT_DATA_PATH="/home/christian/Games/Heroic/Prefixes/default/Cyberpunk 2077" STEAM_COMPAT_INSTALL_PATH=/home/christian/Games/Heroic/Cyberpunk2077 WINE_FULLSCREEN_FSR=0 PROTON_ENABLE_NVAPI=1 DXVK_NVAPI_ALLOW_OTHER_DRIVERS=1 PROTON_EAC_RUNTIME=/home/christian/.config/heroic/tools/runtimes/eac_runtime PROTON_BATTLEYE_RUNTIME=/home/christian/.config/heroic/tools/runtimes/battleye_runtime STEAM_COMPAT_APP_ID=0 SteamAppId=0 SteamGameId=heroic-Cyberpunk2077 PROTON_LOG_DIR=/home/christian /opt/Heroic/resources/app.asar.unpacked/build/bin/linux/legendary launch Ginger --no-wine --wrapper " '/home/christian/.local/share/Steam/steamapps/common/Proton 8.0/proton' run" --language en

Game Log:
[cli] INFO: Logging in...
[Core] INFO: Trying to re-use existing login session...
[cli] INFO: Checking for updates...
[Core] INFO: Getting authentication token...
[cli] INFO: Launching Ginger...

Legendary update available!
- New version: 0.20.33 - "Undue Alarm"
- Release summary:
 [*] Improved handling of SDL changes
 [*] Added safeguards to prevent two simultaneous instances from corrupting the database
 [*] Added support for running uninstallers
 [*] More gracefully handles account errors
See full changelog for additional details.
- Release URL: https://legendary.gl/release/0.20.33

- Download URL: https://legendary.gl/release/download/0.20.33/legendary
fsync: up and running.
wine: RLIMIT_NICE is <= 20, unable to use setpriority safely
[S_API FAIL] SteamAPI_Init() failed; no appID found.
Either launch the game from Steam, or put the file steam_appid.txt containing the correct appID in your game folder.
2023-09-25 22:08:31.463 [Information][ (0)] [TID 304][red-prelauncher]: Log started. Application version: 2.14.1.36 (2023-08-21 11:33).
2023-09-25 22:08:31.465 [Information][ (0)] [TID 304][red-prelauncher]: Operating system: Windows 8 6.2 (Build 9200) (IA32)
2023-09-25 22:08:31.466 [Information][ (0)] [TID 304][red-prelauncher]: Platform identification: win10 64-bit, WINE 8.0
wine: Read access denied for device L"\\??\\Z:\\", FS volume label and serial are not available.
2023-09-25 22:08:31.469 [Information][ (0)] [TID 304][red-prelauncher]: Current working directory: 'Z:/home/christian/Games/Heroic/Cyberpunk2077', filesystem: 'NTFS'.
2023-09-25 22:08:31.472 [Information][ (0)] [TID 304][red-prelauncher]: Unsetting Qt env variables.
2023-09-25 22:08:31.474 [Information][ (0)] [TID 304][red-prelauncher]: Reading the launcher game configuration file 'Z:/home/christian/Games/Heroic/Cyberpunk2077\launcher-configuration.json'.
2023-09-25 22:08:31.477 [Information][ (0)] [TID 304][red-prelauncher]: REDlauncher executable doesn't exist at 'C:/users/steamuser/AppData/Local/Programs/CD Projekt Red/REDlauncher/REDlauncher.exe'.
2023-09-25 22:08:31.480 [Information][ (0)] [TID 304][red-prelauncher]: Detected REDlauncher not installed at 'C:/users/steamuser/AppData/Local/Programs/CD Projekt Red/REDlauncher'. Pre-launcher version '2.14.1.36'
2023-09-25 22:08:31.483 [Information][ (0)] [TID 304][red-prelauncher]: REDlauncher is not installed or it is out of date at 'C:/users/steamuser/AppData/Local/Programs/CD Projekt Red/REDlauncher', version 0.0.0.0. Running the installer.
2023-09-25 22:08:31.486 [Information][ (0)] [TID 304][red-prelauncher]: Launching installer: 'Z:/home/christian/Games/Heroic/Cyberpunk2077\setup_redlauncher.exe'.
2023-09-25 22:08:31.488 [Information][ (0)] [TID 304][red-prelauncher]: Installer arguments: '/VERYSILENT', '/LOG', '/NORESTART', '/FORCECLOSEAPPLICATIONS'.
2023-09-25 22:08:38.575 [Information][ (0)] [TID 304][red-prelauncher]: Launcher Installer succeed.
2023-09-25 22:08:38.576 [Information][ (0)] [TID 304][red-prelauncher]: Starting REDlauncher data migration. Program: 'C:/users/steamuser/AppData/Local/Programs/CD Projekt Red/REDlauncher\REDlauncher.exe'. Arguments: '--launcher-migrate-data-from=0.0.0.0'.
2023-09-25 22:08:39.677 [Information][ (0)] [TID 304][red-prelauncher]: REDlauncher command was successful.
2023-09-25 22:08:39.680 [Information][ (0)] [TID 304][red-prelauncher]: Neither REDlauncher nor REDupdater are running. Continuing.
2023-09-25 22:08:39.681 [Information][ (0)] [TID 304][red-prelauncher]: Starting REDlauncher verification. Program: 'C:/users/steamuser/AppData/Local/Programs/CD Projekt Red/REDlauncher\REDlauncher.exe'. Arguments: '--launcher-verify'.
2023-09-25 22:08:39.974 [Information][ (0)] [TID 304][red-prelauncher]: REDlauncher command was successful.
2023-09-25 22:08:39.975 [Information][ (0)] [TID 304][red-prelauncher]: Starting REDlauncher. Program: 'C:/users/steamuser/AppData/Local/Programs/CD Projekt Red/REDlauncher\REDlauncher.exe'. Arguments: '--launcher-game-directory=Z:/home/christian/Games/Heroic/Cyberpunk2077', '--launcher-session-identifier=5046c3c4-2518-4119-976a-6fbfaf361ef0', '--launcher-first-launch', '-AUTH_LOGIN=unused', '-AUTH_PASSWORD=69debd59dd084b83b411a3ffb419ccdf', '-AUTH_TYPE=exchangecode', '-epicapp=Ginger', '-epicenv=Prod', '-EpicPortal', '-epicusername=Skýline', '-epicuserid=ceb5d2438ba7494aa0191d67560684fc', '-epiclocale=en', '-epicsandboxid=77f2b98e2cef40c8a7437518bf420e47'.
2023-09-25 22:08:40.012 [Information][ (0)] [TID 304][red-prelauncher]: Successfully ran REDlauncher with PID 512.
2023-09-25 22:08:40.253 [Information][ (0)] [TID 516][red-launcher]: Log started. Application version: 2.14.1.36 (2023-08-21 11:33).
2023-09-25 22:08:40.255 [Information][ (0)] [TID 516][red-launcher]: Operating system: Windows 8 6.2 (Build 9200) (IA32)
2023-09-25 22:08:40.256 [Information][ (0)] [TID 516][red-launcher]: Platform identification: win10 64-bit, WINE 8.0
2023-09-25 22:08:40.259 [Information][ (0)] [TID 516][red-launcher]: Current working directory: 'C:/users/steamuser/AppData/Local/Programs/CD Projekt Red/REDlauncher', filesystem: 'NTFS'.
2023-09-25 22:08:40.267 [Information][ (0)] [TID 516][red-launcher]: Reading the launcher game configuration file 'Z:/home/christian/Games/Heroic/Cyberpunk2077\launcher-configuration.json'.
2023-09-25 22:08:40.423 [Error][ (0)] [TID 516][red-launcher]: Failure while parsing the launcher options. Unknown options: A, U, T, H, _, L, O, G, I, N, =, u, n, u, s, e, d, A, U, T, H, _, P, A, S, S, W, O, R, D, =, 6, 9, d, e, b, d, 5, 9, d, d, 0, 8, 4, b, 8, 3, b, 4, 1, 1, a, 3, f, f, b, 4, 1, 9, c, c, d, f, A, U, T, H, _, T, Y, P, E, =, e, x, c, h, a, n, g, e, c, o, d, e, e, p, i, c, a, p, p, =, G, i, n, g, e, r, e, p, i, c, e, n, v, =, P, r, o, d, E, p, i, c, P, o, r, t, a, l, e, p, i, c, u, s, e, r, n, a, m, e, =, S, k, ý, l, i, n, e, e, p, i, c, u, s, e, r, i, d, =, c, e, b, 5, d, 2, 4, 3, 8, b, a, 7, 4, 9, 4, a, a, 0, 1, 9, 1, d, 6, 7, 5, 6, 0, 6, 8, 4, f, c, e, p, i, c, l, o, c, a, l, e, =, e, n, e, p, i, c, s, a, n, d, b, o, x, i, d, =, 7, 7, f, 2, b, 9, 8, e, 2, c, e, f, 4, 0, c, 8, a, 7, 4, 3, 7, 5, 1, 8, b, f, 4, 2, 0, e, 4, 7.
2023-09-25 22:08:40.433 [Information][ (0)] [TID 516][red-launcher]: Reading the launcher game configuration file 'Z:/home/christian/Games/Heroic/Cyberpunk2077\launcher-configuration.json'.
2023-09-25 22:08:40.437 [Information][ (0)] [TID 516][red-launcher]: The request queue processors created: download=0, normal=1.
2023-09-25 22:08:40.440 [Information][ (0)] [TID 516][red-launcher]: Using the RED authenticator.
2023-09-25 22:08:40.442 [Information][ (0)] [TID 516][red-launcher]: Self-update check delay is 1 seconds, check interval is 3600 seconds.
2023-09-25 22:08:40.986 [Error][ (0)] [TID 516][red-launcher]: Failed to get GOG Galaxy executable name.
2023-09-25 22:08:40.988 [Information][ (0)] [TID 516][red-launcher]: Galaxy database file doesn't exist.
2023-09-25 22:08:41.329 [Information][ (0)] [TID 516][red-launcher]: Retrieving operating system language.
2023-09-25 22:08:41.331 [Information][ (0)] [TID 516][red-launcher]: The locale's language is 'en'.
2023-09-25 22:08:41.332 [Information][ (0)] [TID 516][red-launcher]: Normalized locale 'en' matches language 'en-US'.
2023-09-25 22:08:41.490 [Information][ (0)] [TID 556][red-launcher]: Launching process: Command: C:\users\steamuser\AppData\Local\Programs\CD Projekt Red\REDlauncher\REDupdater.exe, Initial Directory: C:/users/steamuser/AppData/Local/Programs/CD Projekt Red/REDlauncher, Elevation Mode: DontChange, Arguments: { --updater-session-identifier=5046c3c4-2518-4119-976a-6fbfaf361ef0 /clientUpdatePath="C:/users/steamuser/AppData/Local/Programs/CD Projekt Red/REDlauncher" /noElevationRequired /previousClientVersion="2.14.1.36" /redistUpdatePath="C:/users/steamuser/AppData/Local/Programs/CD Projekt Red/REDlauncher" /silent /updateClient /updateRedist /updateStrategy="BackgroundPrefetch" }, Success Range: Zero|GreaterThanZero..
[512:516:0925/220841.506:ERROR:dxva_video_decode_accelerator_win.cc(1407)] DXVAVDA fatal error: could not LoadLibrary: msvproc.dll: Module not found. (0x7E)
2023-09-25 22:08:41.534 [Information][ (0)] [TID 556][red-launcher]: Launch update, BackgroundPrefetch, starting under PID 628, elevation is false.
[512:516:0925/220841.636:ERROR:network_change_notifier_win.cc(142)] WSALookupServiceBegin failed with: 8
2023-09-25 22:08:41.682 [Information][ (0)] [TID 632][red-updater]: Log started. Application version: 2.14.1.36 (2023-08-21 11:33).
2023-09-25 22:08:41.684 [Information][ (0)] [TID 632][red-updater]: Operating system: Windows 8 6.2 (Build 9200) (IA32)
2023-09-25 22:08:41.686 [Information][ (0)] [TID 632][red-updater]: Platform identification: win10 64-bit, WINE 8.0
2023-09-25 22:08:41.689 [Information][ (0)] [TID 632][red-updater]: Current working directory: 'C:/users/steamuser/AppData/Local/Programs/CD Projekt Red/REDlauncher', filesystem: 'NTFS'.

(wine:37614): GStreamer-WARNING **: 22:08:41.835: Failed to load plugin '/home/christian/.local/share/Steam/steamapps/common/Proton 8.0/dist/lib64/gstreamer-1.0/libgstvorbis.so': /home/christian/.local/share/Steam/steamapps/common/Proton 8.0/dist/lib64/gstreamer-1.0/libgstvorbis.so: wrong ELF class: ELFCLASS64

(wine:37614): GStreamer-WARNING **: 22:08:41.835: Failed to load plugin '/home/christian/.local/share/Steam/steamapps/common/Proton 8.0/dist/lib64/gstreamer-1.0/libgstwavparse.so': /home/christian/.local/share/Steam/steamapps/common/Proton 8.0/dist/lib64/gstreamer-1.0/libgstwavparse.so: wrong ELF class: ELFCLASS64

(wine:37614): GStreamer-WARNING **: 22:08:41.836: Failed to load plugin '/home/christian/.local/share/Steam/steamapps/common/Proton 8.0/dist/lib64/gstreamer-1.0/libgstrsdav1d.so': /home/christian/.local/share/Steam/steamapps/common/Proton 8.0/dist/lib64/gstreamer-1.0/libgstrsdav1d.so: wrong ELF class: ELFCLASS64

(wine:37614): GStreamer-WARNING **: 22:08:41.836: Failed to load plugin '/home/christian/.local/share/Steam/steamapps/common/Proton 8.0/dist/lib64/gstreamer-1.0/libgsttypefindfunctions.so': /home/christian/.local/share/Steam/steamapps/common/Proton 8.0/dist/lib64/gstreamer-1.0/libgsttypefindfunctions.so: wrong ELF class: ELFCLASS64

(wine:37614): GStreamer-WARNING **: 22:08:41.837: Failed to load plugin '/home/christian/.local/share/Steam/steamapps/common/Proton 8.0/dist/lib64/gstreamer-1.0/libgstaudioresample.so': /home/christian/.local/share/Steam/steamapps/common/Proton 8.0/dist/lib64/gstreamer-1.0/libgstaudioresample.so: wrong ELF class: ELFCLASS64

(wine:37614): GStreamer-WARNING **: 22:08:41.837: Failed to load plugin '/home/christian/.local/share/Steam/steamapps/common/Proton 8.0/dist/lib64/gstreamer-1.0/libgstsoup.so': /home/christian/.local/share/Steam/steamapps/common/Proton 8.0/dist/lib64/gstreamer-1.0/libgstsoup.so: wrong ELF class: ELFCLASS64

(wine:37614): GStreamer-WARNING **: 22:08:41.838: Failed to load plugin '/home/christian/.local/share/Steam/steamapps/common/Proton 8.0/dist/lib64/gstreamer-1.0/libgstautodetect.so': /home/christian/.local/share/Steam/steamapps/common/Proton 8.0/dist/lib64/gstreamer-1.0/libgstautodetect.so: wrong ELF class: ELFCLASS64

(wine:37614): GStreamer-WARNING **: 22:08:41.839: Failed to load plugin '/home/christian/.local/share/Steam/steamapps/common/Proton 8.0/dist/lib64/gstreamer-1.0/libgstogg.so': /home/christian/.local/share/Steam/steamapps/common/Proton 8.0/dist/lib64/gstreamer-1.0/libgstogg.so: wrong ELF class: ELFCLASS64

(wine:37614): GStreamer-WARNING **: 22:08:41.840: Failed to load plugin '/home/christian/.local/share/Steam/steamapps/common/Proton 8.0/dist/lib64/gstreamer-1.0/libgstvideoscale.so': /home/christian/.local/share/Steam/steamapps/common/Proton 8.0/dist/lib64/gstreamer-1.0/libgstvideoscale.so: wrong ELF class: ELFCLASS64

(wine:37614): GStreamer-WARNING **: 22:08:41.840: Failed to load plugin '/home/christian/.local/share/Steam/steamapps/common/Proton 8.0/dist/lib64/gstreamer-1.0/libgstdebug.so': /home/christian/.local/share/Steam/steamapps/common/Proton 8.0/dist/lib64/gstreamer-1.0/libgstdebug.so: wrong ELF class: ELFCLASS64

(wine:37614): GStreamer-WARNING **: 22:08:41.841: Failed to load plugin '/home/christian/.local/share/Steam/steamapps/common/Proton 8.0/dist/lib64/gstreamer-1.0/libgstid3demux.so': /home/christian/.local/share/Steam/steamapps/common/Proton 8.0/dist/lib64/gstreamer-1.0/libgstid3demux.so: wrong ELF class: ELFCLASS64

(wine:37614): GStreamer-WARNING **: 22:08:41.843: Failed to load plugin '/home/christian/.local/share/Steam/steamapps/common/Proton 8.0/dist/lib64/gstreamer-1.0/libgstlibav.so': /home/christian/.local/share/Steam/steamapps/common/Proton 8.0/dist/lib64/gstreamer-1.0/libgstlibav.so: wrong ELF class: ELFCLASS64

(wine:37614): GStreamer-WARNING **: 22:08:41.843: Failed to load plugin '/home/christian/.local/share/Steam/steamapps/common/Proton 8.0/dist/lib64/gstreamer-1.0/libgstmpg123.so': /home/christian/.local/share/Steam/steamapps/common/Proton 8.0/dist/lib64/gstreamer-1.0/libgstmpg123.so: wrong ELF class: ELFCLASS64

(wine:37614): GStreamer-WARNING **: 22:08:41.844: Failed to load plugin '/home/christian/.local/share/Steam/steamapps/common/Proton 8.0/dist/lib64/gstreamer-1.0/libgstpbtypes.so': /home/christian/.local/share/Steam/steamapps/common/Proton 8.0/dist/lib64/gstreamer-1.0/libgstpbtypes.so: wrong ELF class: ELFCLASS64

(wine:37614): GStreamer-WARNING **: 22:08:41.844: Failed to load plugin '/home/christian/.local/share/Steam/steamapps/common/Proton 8.0/dist/lib64/gstreamer-1.0/libgstavi.so': /home/christian/.local/share/Steam/steamapps/common/Proton 8.0/dist/lib64/gstreamer-1.0/libgstavi.so: wrong ELF class: ELFCLASS64

(wine:37614): GStreamer-WARNING **: 22:08:41.845: Failed to load plugin '/home/christian/.local/share/Steam/steamapps/common/Proton 8.0/dist/lib64/gstreamer-1.0/libprotonmediaconverter.so': /home/christian/.local/share/Steam/steamapps/common/Proton 8.0/dist/lib64/gstreamer-1.0/libprotonmediaconverter.so: wrong ELF class: ELFCLASS64

(wine:37614): GStreamer-WARNING **: 22:08:41.846: Failed to load plugin '/home/christian/.local/share/Steam/steamapps/common/Proton 8.0/dist/lib64/gstreamer-1.0/libgstaudioconvert.so': /home/christian/.local/share/Steam/steamapps/common/Proton 8.0/dist/lib64/gstreamer-1.0/libgstaudioconvert.so: wrong ELF class: ELFCLASS64

(wine:37614): GStreamer-WARNING **: 22:08:41.846: Failed to load plugin '/home/christian/.local/share/Steam/steamapps/common/Proton 8.0/dist/lib64/gstreamer-1.0/libgstaudioparsers.so': /home/christian/.local/share/Steam/steamapps/common/Proton 8.0/dist/lib64/gstreamer-1.0/libgstaudioparsers.so: wrong ELF class: ELFCLASS64

(wine:37614): GStreamer-WARNING **: 22:08:41.846: Failed to load plugin '/home/christian/.local/share/Steam/steamapps/common/Proton 8.0/dist/lib64/gstreamer-1.0/libgstapp.so': /home/christian/.local/share/Steam/steamapps/common/Proton 8.0/dist/lib64/gstreamer-1.0/libgstapp.so: wrong ELF class: ELFCLASS64

(wine:37614): GStreamer-WARNING **: 22:08:41.847: Failed to load plugin '/home/christian/.local/share/Steam/steamapps/common/Proton 8.0/dist/lib64/gstreamer-1.0/libgstvideofilter.so': /home/christian/.local/share/Steam/steamapps/common/Proton 8.0/dist/lib64/gstreamer-1.0/libgstvideofilter.so: wrong ELF class: ELFCLASS64

(wine:37614): GStreamer-WARNING **: 22:08:41.847: Failed to load plugin '/home/christian/.local/share/Steam/steamapps/common/Proton 8.0/dist/lib64/gstreamer-1.0/libgstvideobox.so': /home/christian/.local/share/Steam/steamapps/common/Proton 8.0/dist/lib64/gstreamer-1.0/libgstvideobox.so: wrong ELF class: ELFCLASS64

(wine:37614): GStreamer-WARNING **: 22:08:41.848: Failed to load plugin '/home/christian/.local/share/Steam/steamapps/common/Proton 8.0/dist/lib64/gstreamer-1.0/libgstmatroska.so': /home/christian/.local/share/Steam/steamapps/common/Proton 8.0/dist/lib64/gstreamer-1.0/libgstmatroska.so: wrong ELF class: ELFCLASS64

(wine:37614): GStreamer-WARNING **: 22:08:41.848: Failed to load plugin '/home/christian/.local/share/Steam/steamapps/common/Proton 8.0/dist/lib64/gstreamer-1.0/libgstopengl.so': /home/christian/.local/share/Steam/steamapps/common/Proton 8.0/dist/lib64/gstreamer-1.0/libgstopengl.so: wrong ELF class: ELFCLASS64

(wine:37614): GStreamer-WARNING **: 22:08:41.849: Failed to load plugin '/home/christian/.local/share/Steam/steamapps/common/Proton 8.0/dist/lib64/gstreamer-1.0/libgstplayback.so': /home/christian/.local/share/Steam/steamapps/common/Proton 8.0/dist/lib64/gstreamer-1.0/libgstplayback.so: wrong ELF class: ELFCLASS64

(wine:37614): GStreamer-WARNING **: 22:08:41.849: Failed to load plugin '/home/christian/.local/share/Steam/steamapps/common/Proton 8.0/dist/lib64/gstreamer-1.0/libgstopus.so': /home/christian/.local/share/Steam/steamapps/common/Proton 8.0/dist/lib64/gstreamer-1.0/libgstopus.so: wrong ELF class: ELFCLASS64

(wine:37614): GStreamer-WARNING **: 22:08:41.850: Failed to load plugin '/home/christian/.local/share/Steam/steamapps/common/Proton 8.0/dist/lib64/gstreamer-1.0/libgstvpx.so': /home/christian/.local/share/Steam/steamapps/common/Proton 8.0/dist/lib64/gstreamer-1.0/libgstvpx.so: wrong ELF class: ELFCLASS64

(wine:37614): GStreamer-WARNING **: 22:08:41.850: Failed to load plugin '/home/christian/.local/share/Steam/steamapps/common/Proton 8.0/dist/lib64/gstreamer-1.0/libgsttheora.so': /home/christian/.local/share/Steam/steamapps/common/Proton 8.0/dist/lib64/gstreamer-1.0/libgsttheora.so: wrong ELF class: ELFCLASS64

(wine:37614): GStreamer-WARNING **: 22:08:41.851: Failed to load plugin '/home/christian/.local/share/Steam/steamapps/common/Proton 8.0/dist/lib64/gstreamer-1.0/libgstvideoconvert.so': /home/christian/.local/share/Steam/steamapps/common/Proton 8.0/dist/lib64/gstreamer-1.0/libgstvideoconvert.so: wrong ELF class: ELFCLASS64

(wine:37614): GStreamer-WARNING **: 22:08:41.851: Failed to load plugin '/home/christian/.local/share/Steam/steamapps/common/Proton 8.0/dist/lib64/gstreamer-1.0/libgstisomp4.so': /home/christian/.local/share/Steam/steamapps/common/Proton 8.0/dist/lib64/gstreamer-1.0/libgstisomp4.so: wrong ELF class: ELFCLASS64

(wine:37614): GStreamer-WARNING **: 22:08:41.851: Failed to load plugin '/home/christian/.local/share/Steam/steamapps/common/Proton 8.0/dist/lib64/gstreamer-1.0/libgstnavigationtest.so': /home/christian/.local/share/Steam/steamapps/common/Proton 8.0/dist/lib64/gstreamer-1.0/libgstnavigationtest.so: wrong ELF class: ELFCLASS64

(wine:37614): GStreamer-WARNING **: 22:08:41.852: Failed to load plugin '/home/christian/.local/share/Steam/steamapps/common/Proton 8.0/dist/lib64/gstreamer-1.0/libgstcoreelements.so': /home/christian/.local/share/Steam/steamapps/common/Proton 8.0/dist/lib64/gstreamer-1.0/libgstcoreelements.so: wrong ELF class: ELFCLASS64

(wine:37614): GStreamer-WARNING **: 22:08:41.852: Failed to load plugin '/home/christian/.local/share/Steam/steamapps/common/Proton 8.0/dist/lib64/gstreamer-1.0/libgstcoretracers.so': /home/christian/.local/share/Steam/steamapps/common/Proton 8.0/dist/lib64/gstreamer-1.0/libgstcoretracers.so: wrong ELF class: ELFCLASS64

(wine:37614): GStreamer-WARNING **: 22:08:41.853: Failed to load plugin '/home/christian/.local/share/Steam/steamapps/common/Proton 8.0/dist/lib64/gstreamer-1.0/libgstdeinterlace.so': /home/christian/.local/share/Steam/steamapps/common/Proton 8.0/dist/lib64/gstreamer-1.0/libgstdeinterlace.so: wrong ELF class: ELFCLASS64

(wine:37614): GStreamer-WARNING **: 22:08:41.853: Failed to load plugin '/home/christian/.local/share/Steam/steamapps/common/Proton 8.0/dist/lib64/gstreamer-1.0/libgstximagesink.so': /home/christian/.local/share/Steam/steamapps/common/Proton 8.0/dist/lib64/gstreamer-1.0/libgstximagesink.so: wrong ELF class: ELFCLASS64

(wine:37614): GStreamer-WARNING **: 22:08:41.854: Failed to load plugin '/home/christian/.local/share/Steam/steamapps/common/Proton 8.0/dist/lib64/gstreamer-1.0/libgstadder.so': /home/christian/.local/share/Steam/steamapps/common/Proton 8.0/dist/lib64/gstreamer-1.0/libgstadder.so: wrong ELF class: ELFCLASS64
2023-09-25 22:08:41.886 [Information][ (0)] [TID 688][red-updater]: The request queue processors created: download=0, normal=4.
2023-09-25 22:08:41.892 [Information][ (0)] [TID 688][red-updater]: Updater strategy resolved 'BackgroundPrefetch' update strategy to perform.
2023-09-25 22:08:41.896 [Information][ (0)] [TID 688][red-updater]: Performing a BackgroundPrefetch process with command line options '/clientUpdatePath="C:/users/steamuser/AppData/Local/Programs/CD Projekt Red/REDlauncher" /noElevationRequired /previousClientVersion="2.14.1.36" /redistUpdatePath="C:/users/steamuser/AppData/Local/Programs/CD Projekt Red/REDlauncher" /silent /updateClient /updateRedist /updateStrategy="BackgroundPrefetch"'.
2023-09-25 22:08:41.906 [Information][ (0)] [TID 688][red-updater]: Prefetch is starting...
2023-09-25 22:08:41.908 [Information][ (0)] [TID 688][red-updater]: Adding write access for Users group to 'C:/users/steamuser/AppData/Local/Programs/CD Projekt Red/REDlauncher/locks\REDupdater.exe.lock'.
2023-09-25 22:08:41.912 [Warning][ (0)] [TID 688][red-updater]: Invalid component version '': The version '' does not conform to the format Major.Minor.[Patch.Build].. Falling back to '0.0.0.0'
2023-09-25 22:08:42.116 [Information][ (0)] [TID 688][red-updater]: Parsed metadata of 18 files and 0 symbolic links for component 'desktop-red-updater'. Remote version: 2.14.1.36, channel: 'master'. URI: https://content-system.gog.com/open_link/download?path=/open/galaxy/client Force update: false.
2023-09-25 22:08:42.120 [Information][ (0)] [TID 688][red-updater]: Scheduling update for component 'desktop-red-updater' at path 'C:/users/steamuser/AppData/Local/Programs/CD Projekt Red/REDlauncher'.
2023-09-25 22:08:42.123 [Information][ (0)] [TID 688][red-updater]: Checking component 'desktop-red-updater' if update is needed (local: 0.0.0.0, remote: 2.14.1.36)
2023-09-25 22:08:42.125 [Information][ (0)] [TID 688][red-updater]: Update for component 'desktop-red-updater' is needed (new version available)
2023-09-25 22:08:42.127 [Information][ (0)] [TID 688][red-updater]: Starting the prefetch. Remote version: 2.14.1.36, current version: 0.0.0.0
2023-09-25 22:08:42.129 [Information][ (0)] [TID 688][red-updater]: Creating directory paths: 'C:/users/steamuser/AppData/Local/Programs/CD Projekt Red/REDlauncher/prefetch'.
2023-09-25 22:08:42.139 [Information][ (0)] [TID 688][red-updater]: File up to date: C:/users/steamuser/AppData/Local/Programs/CD Projekt Red/REDlauncher\libcrypto-1_1.dll
2023-09-25 22:08:42.142 [Information][ (0)] [TID 688][red-updater]: File up to date: C:/users/steamuser/AppData/Local/Programs/CD Projekt Red/REDlauncher\libexpat.dll
2023-09-25 22:08:42.146 [Information][ (0)] [TID 688][red-updater]: File up to date: C:/users/steamuser/AppData/Local/Programs/CD Projekt Red/REDlauncher\libssl-1_1.dll
2023-09-25 22:08:42.151 [Information][ (0)] [TID 688][red-updater]: File up to date: C:/users/steamuser/AppData/Local/Programs/CD Projekt Red/REDlauncher\pcre2-8.dll
2023-09-25 22:08:42.153 [Information][ (0)] [TID 688][red-updater]: File up to date: C:/users/steamuser/AppData/Local/Programs/CD Projekt Red/REDlauncher\PocoCrypto.dll
2023-09-25 22:08:42.160 [Information][ (0)] [TID 688][red-updater]: File up to date: C:/users/steamuser/AppData/Local/Programs/CD Projekt Red/REDlauncher\PocoData.dll
2023-09-25 22:08:42.164 [Information][ (0)] [TID 688][red-updater]: File up to date: C:/users/steamuser/AppData/Local/Programs/CD Projekt Red/REDlauncher\PocoDataSQLite.dll
2023-09-25 22:08:42.171 [Information][ (0)] [TID 688][red-updater]: File up to date: C:/users/steamuser/AppData/Local/Programs/CD Projekt Red/REDlauncher\PocoFoundation.dll
2023-09-25 22:08:42.175 [Information][ (0)] [TID 688][red-updater]: File up to date: C:/users/steamuser/AppData/Local/Programs/CD Projekt Red/REDlauncher\PocoJSON.dll
2023-09-25 22:08:42.179 [Information][ (0)] [TID 688][red-updater]: File up to date: C:/users/steamuser/AppData/Local/Programs/CD Projekt Red/REDlauncher\PocoUtil.dll
2023-09-25 22:08:42.183 [Information][ (0)] [TID 688][red-updater]: File up to date: C:/users/steamuser/AppData/Local/Programs/CD Projekt Red/REDlauncher\PocoXML.dll
2023-09-25 22:08:42.186 [Information][ (0)] [TID 688][red-updater]: File up to date: C:/users/steamuser/AppData/Local/Programs/CD Projekt Red/REDlauncher\PocoZip.dll
2023-09-25 22:08:42.201 [Information][ (0)] [TID 688][red-updater]: File up to date: C:/users/steamuser/AppData/Local/Programs/CD Projekt Red/REDlauncher\Qt5Core.dll
2023-09-25 22:08:42.204 [Information][ (0)] [TID 516][red-laun2c0h2e3r-0]9:- 2S5 e2t2:t0i8n:4g2. 2b0a5 c[kIgnrfoormuantido n]t[o  (b0)e]  t[rTIaDn 6s8p8a][rreedn-utp.da
ter]: File up to date: C:/users/steamuser/AppData/Local/Programs/CD Projekt Red/REDlaunch2er0\2Q3t5-Ne0t9wo-r2k.5d l2l2
:08:42.207 [Information][ (0)] [TID 516][red-launcher]: Adding write access for Users group to 'C:/users/steamuser/AppData/Local/Programs/CD Projekt Red/REDlauncher/locks\REDlauncher.exe.lock'.
2023-09-25 22:08:42.212 [Information][ (0)] [TID 688][red-updater]: File up to date: C:/users/steamuser/AppData/Local/Programs/CD Projekt Red/REDlauncher\REDupdater.exe
2023-09-25 222:00283:-4029.-22157  2[2I:n0f8o:r4m2a.t2i1o7n ][[I n(f0o)r]m a[tTiIoDn ]5[1 6(]0[)r]e d[-TlIaDu n6c8h8e]r[]r:e dU-pudpadtaetre rs]e:t tFiinlges  udpo  tnoo td aetxei:s tC.: /Curseeartsi/nsgt eaa msutsuebr /fAoprp Dvaetras/iLoocna l'/2P.r1o4g.r1a.m3s6/'C.D
 Projekt Red/REDlauncher\resources/certificates.pem
2023-09-25 22:08:42.222 [Information][ (0)] [TID 688][red-updater]: File up to date: C:/users/steamuser/AppData/Local/Programs/CD Projekt Red/REDlauncher\sqlite.dll
2023-09-25 22:08:42.225 [Information][ (0)] [TID 688][red-updater]: File up to date: C:/users/steamuser/AppData/Local/Programs/CD Projekt Red/REDlauncher\zlib1.dll
2023-09-25 22:08:42.228 [Information][ (0)] [TID 688][red-updater]: Copying 'C:\users\steamuser\AppData\Local\Programs\CD Projekt Red\REDlauncher\libcrypto-1_1.dll' to 'C:\users\steamuser\AppData\Local\Programs\CD Projekt Red\REDlauncher\prefetch\desktop-red-updater\libcrypto-1_1.dll'.
2023-09-25 22:08:42.238 [Information][ (0)] [TID 688][red-updater]: Copying 'C:\users\steamuser\AppData\Local\Programs\CD Projekt Red\REDlauncher\libexpat.dll' to 'C:\users\steamuser\AppData\Local\Programs\CD Projekt Red\REDlauncher\prefetch\desktop-red-updater\libexpat.dll'.
2023-09-25 22:08:42.244 [Information][ (0)] [TID 688][red-updater]: Copying 'C:\users\steamuser\AppData\Local\Programs\CD Projekt Red\REDlauncher\libssl-1_1.dll' to 'C:\users\steamuser\AppData\Local\Programs\CD Projekt Red\REDlauncher\prefetch\desktop-red-updater\libssl-1_1.dll'.
2023-09-25 22:08:42.248 [Information][ (0)] [TID 688][red-updater]: Copying 'C:\users\steamuser\AppData\Local\Programs\CD Projekt Red\REDlauncher\pcre2-8.dll' to 'C:\users\steamuser\AppData\Local\Programs\CD Projekt Red\REDlauncher\prefetch\desktop-red-updater\pcre2-8.dll'.
2023-09-25 22:08:42.256 [Information][ (0)] [TID 688][red-updater]: Copying 'C:\users\steamuser\AppData\Local\Programs\CD Projekt Red\REDlauncher\PocoCrypto.dll' to 'C:\users\steamuser\AppData\Local\Programs\CD Projekt Red\REDlauncher\prefetch\desktop-red-updater\PocoCrypto.dll'.
2023-09-25 22:08:42.264 [Information][ (0)] [TID 688][red-updater]: Copying 'C:\users\steamuser\AppData\Local\Programs\CD Projekt Red\REDlauncher\PocoData.dll' to 'C:\users\steamuser\AppData\Local\Programs\CD Projekt Red\REDlauncher\prefetch\desktop-red-updater\PocoData.dll'.
2023-09-25 22:08:42.274 [Information][ (0)] [TID 688][red-updater]: Copying 'C:\users\steamuser\AppData\Local\Programs\CD Projekt Red\REDlauncher\PocoDataSQLite.dll' to 'C:\users\steamuser\AppData\Local\Programs\CD Projekt Red\REDlauncher\prefetch\desktop-red-updater\PocoDataSQLite.dll'.
2023-09-25 22:08:42.283 [Information][ (0)] [TID 688][red-updater]: Copying 'C:\users\steamuser\AppData\Local\Programs\CD Projekt Red\REDlauncher\PocoFoundation.dll' to 'C:\users\steamuser\AppData\Local\Programs\CD Projekt Red\REDlauncher\prefetch\desktop-red-updater\PocoFoundation.dll'.
2023-09-25 22:08:42.293 [Information][ (0)] [TID 688][red-updater]: Copying 'C:\users\steamuser\AppData\Local\Programs\CD Projekt Red\REDlauncher\PocoJSON.dll' to 'C:\users\steamuser\AppData\Local\Programs\CD Projekt Red\REDlauncher\prefetch\desktop-red-updater\PocoJSON.dll'.
2023-09-25 22:08:42.299 [Information][ (0)] [TID 688][red-updater]: Copying 'C:\users\steamuser\AppData\Local\Programs\CD Projekt Red\REDlauncher\PocoUtil.dll' to 'C:\users\steamuser\AppData\Local\Programs\CD Projekt Red\REDlauncher\prefetch\desktop-red-updater\PocoUtil.dll'.
2023-09-25 22:08:42.304 [Information][ (0)] [TID 688][red-updater]: Copying 'C:\users\steamuser\AppData\Local\Programs\CD Projekt Red\REDlauncher\PocoXML.dll' to 'C:\users\steamuser\AppData\Local\Programs\CD Projekt Red\REDlauncher\prefetch\desktop-red-updater\PocoXML.dll'.
2023-09-25 22:08:42.308 [Information][ (0)] [TID 688][red-updater]: Copying 'C:\users\steamuser\AppData\Local\Programs\CD Projekt Red\REDlauncher\PocoZip.dll' to 'C:\users\steamuser\AppData\Local\Programs\CD Projekt Red\REDlauncher\prefetch\desktop-red-updater\PocoZip.dll'.
2023-09-25 22:08:42.314 [Information][ (0)] [TID 688][red-updater]: Copying 'C:\users\steamuser\AppData\Local\Programs\CD Projekt Red\REDlauncher\Qt5Core.dll' to 'C:\users\steamuser\AppData\Local\Programs\CD Projekt Red\REDlauncher\prefetch\desktop-red-updater\Qt5Core.dll'.
2023-09-25 22:08:42.324 [Information][ (0)] [TID 688][red-updater]: Copying 'C:\users\steamuser\AppData\Local\Programs\CD Projekt Red\REDlauncher\Qt5Network.dll' to 'C:\users\steamuser\AppData\Local\Programs\CD Projekt Red\REDlauncher\prefetch\desktop-red-updater\Qt5Network.dll'.
2023-09-25 22:08:42.331 [Information][ (0)] [TID 688][red-updater]: Copying 'C:\users\steamuser\AppData\Local\Programs\CD Projekt Red\REDlauncher\REDupdater.exe' to 'C:\users\steamuser\AppData\Local\Programs\CD Projekt Red\REDlauncher\prefetch\desktop-red-updater\REDupdater.exe'.
2023-09-25 22:08:42.341 [Information][ (0)] [TID 688][red-updater]: Copying 'C:\users\steamuser\AppData\Local\Programs\CD Projekt Red\REDlauncher\resources\certificates.pem' to 'C:\users\steamuser\AppData\Local\Programs\CD Projekt Red\REDlauncher\prefetch\desktop-red-updater\resources\certificates.pem'.
2023-09-25 22:08:42.349 [Information][ (0)] [TID 688][red-updater]: Copying 'C:\users\steamuser\AppData\Local\Programs\CD Projekt Red\REDlauncher\sqlite.dll' to 'C:\users\steamuser\AppData\Local\Programs\CD Projekt Red\REDlauncher\prefetch\desktop-red-updater\sqlite.dll'.
2023-09-25 22:08:42.355 [Information][ (0)] [TID 688][red-updater]: Copying 'C:\users\steamuser\AppData\Local\Programs\CD Projekt Red\REDlauncher\zlib1.dll' to 'C:\users\steamuser\AppData\Local\Programs\CD Projekt Red\REDlauncher\prefetch\desktop-red-updater\zlib1.dll'.
2023-09-25 22:08:42.362 [Information][ (0)] [TID 688][red-updater]: Prefetch complete, total 0 files updated
2023-09-25 22:08:42.366 [Information][ (0)] [TID 688][red-updater]: Background exit code 0: Returned successfully..
[772:776:0925/220842.513:ERROR:dxva_video_decode_accelerator_win.cc(1407)] DXVAVDA fatal error: could not LoadLibrary: msvproc.dll: Module not found. (0x7E)
[772:832:0925/220842.520:ERROR:network_change_notifier_win.cc(142)] WSALookupServiceBegin failed with: 8
2023-09-25 22:08:43.072 [Information][ (0)] [TID 556][red-launcher]: Process finished successfully with exit code 0. Command: C:\users\steamuser\AppData\Local\Programs\CD Projekt Red\REDlauncher\REDupdater.exe, Initial Directory: C:/users/steamuser/AppData/Local/Programs/CD Projekt Red/REDlauncher, Elevation Mode: DontChange, Arguments: { --updater-session-identifier=5046c3c4-2518-4119-976a-6fbfaf361ef0 /clientUpdatePath="C:/users/steamuser/AppData/Local/Programs/CD Projekt Red/REDlauncher" /noElevationRequired /previousClientVersion="2.14.1.36" /redistUpdatePath="C:/users/steamuser/AppData/Local/Programs/CD Projekt Red/REDlauncher" /silent /updateClient /updateRedist /updateStrategy="BackgroundPrefetch" }, Success Range: Zero|GreaterThanZero.
2023-09-25 22:08:43.082 [Information][ (0)] [TID 556][red-launcher]: Launch update completed under PID 628, elevation was false, and exit code is 0.
2023-09-25 22:08:43.088 [Information][ (0)] [TID 556][red-launcher]: Launching process: Command: C:\users\steamuser\AppData\Local\Programs\CD Projekt Red\REDlauncher\prefetch\desktop-red-updater\REDupdater.exe, Initial Directory: C:\users\steamuser\AppData\Local\Programs\CD Projekt Red\REDlauncher\prefetch\desktop-red-updater, Elevation Mode: DontChange, Arguments: { --updater-session-identifier=5046c3c4-2518-4119-976a-6fbfaf361ef0 /clientUpdatePath="C:/users/steamuser/AppData/Local/Programs/CD Projekt Red/REDlauncher" /noElevationRequired /previousClientVersion="2.14.1.36" /redistUpdatePath="C:/users/steamuser/AppData/Local/Programs/CD Projekt Red/REDlauncher" /silent /updateClient /updateRedist /updateStrategy="BackgroundNormal" }, Success Range: Zero|GreaterThanZero..
2023-09-25 22:08:43.140 [Information][ (0)] [TID 556][red-launcher]: Launch update, BackgroundNormal, starting under PID 936, elevation is false.
2023-09-25 22:08:43.294 [Information][ (0)] [TID 940][red-updater]: Log started. Application version: 2.14.1.36 (2023-08-21 11:33).
2023-09-25 22:08:43.296 [Information][ (0)] [TID 940][red-updater]: Operating system: Windows 8 6.2 (Build 9200) (IA32)
2023-09-25 22:08:43.298 [Information][ (0)] [TID 940][red-updater]: Platform identification: win10 64-bit, WINE 8.0
2023-09-25 22:08:43.301 [Information][ (0)] [TID 940][red-updater]: Current working directory: 'C:/users/steamuser/AppData/Local/Programs/CD Projekt Red/REDlauncher/prefetch/desktop-red-updater', filesystem: 'NTFS'.
2023-09-25 22:08:43.441 [Information][ (0)] [TID 964][red-updater]: The request queue processors created: download=0, normal=4.
2023-09-25 22:08:43.448 [Information][ (0)] [TID 964][red-updater]: Updater strategy resolved 'BackgroundNormal' update strategy to perform.
2023-09-25 22:08:43.453 [Information][ (0)] [TID 964][red-updater]: Performing a BackgroundNormal process with command line options '/clientUpdatePath="C:/users/steamuser/AppData/Local/Programs/CD Projekt Red/REDlauncher" /noElevationRequired /previousClientVersion="2.14.1.36" /redistUpdatePath="C:/users/steamuser/AppData/Local/Programs/CD Projekt Red/REDlauncher" /silent /updateClient /updateRedist /updateStrategy="BackgroundNormal"'.
2023-09-25 22:08:43.461 [Information][ (0)] [TID 964][red-updater]: Update is starting...
2023-09-25 22:08:43.463 [Information][ (0)] [TID 964][red-updater]: Adding write access for Users group to 'C:/users/steamuser/AppData/Local/Programs/CD Projekt Red/REDlauncher/locks\REDupdater.exe.lock'.
2023-09-25 22:08:43.670 [Information][ (0)] [TID 964][red-updater]: Parsed metadata of 18 files and 0 symbolic links for component 'desktop-red-updater'. Remote version: 2.14.1.36, channel: 'master'. URI: https://content-system.gog.com/open_link/download?path=/open/galaxy/client Force update: false.
2023-09-25 22:08:43.673 [Information][ (0)] [TID 964][red-updater]: Scheduling update for component 'desktop-red-updater' at path 'C:/users/steamuser/AppData/Local/Programs/CD Projekt Red/REDlauncher'.
2023-09-25 22:08:43.888 [Information][ (0)] [TID 964][red-updater]: Parsed metadata of 663 files and 0 symbolic links for component 'desktop-red-launcher'. Remote version: 2.14.1.36, channel: 'master'. URI: https://content-system.gog.com/open_link/download?path=/open/galaxy/client Force update: false.
2023-09-25 22:08:43.892 [Information][ (0)] [TID 964][red-updater]: Scheduling update for component 'desktop-red-launcher' at path 'C:/users/steamuser/AppData/Local/Programs/CD Projekt Red/REDlauncher'.
2023-09-25 22:08:43.895 [Information][ (0)] [TID 964][red-updater]: Preparing download directory 'C:/users/steamuser/AppData/Local/Programs/CD Projekt Red/REDlauncher/download'.
2023-09-25 22:08:43.897 [Information][ (0)] [TID 964][red-updater]: Moving and deleting file or directory 'C:/users/steamuser/AppData/Local/Programs/CD Projekt Red/REDlauncher/download'.
2023-09-25 22:08:43.900 [Information][ (0)] [TID 964][red-updater]: Moving 'C:/users/steamuser/AppData/Local/Programs/CD Projekt Red/REDlauncher/download' to 'C:/users/steamuser/AppData/Local/Programs/CD Projekt Red/REDlauncher/download.XFXIAFGCJF'.
2023-09-25 22:08:43.906 [Information][ (0)] [TID 964][red-updater]: Moving 'C:/users/steamuser/AppData/Local/Programs/CD Projekt Red/REDlauncher/download.XFXIAFGCJF/desktop-red-updater' to 'C:\users\steamuser\AppData\Local\Programs\CD Projekt Red\REDlauncher\desktop-red-updaterWZADZGTT'.
2023-09-25 22:08:43.910 [Information][ (0)] [TID 964][red-updater]: The directory 'C:/users/steamuser/AppData/Local/Programs/CD Projekt Red/REDlauncher/download.XFXIAFGCJF' was deleted recursively.
2023-09-25 22:08:43.913 [Information][ (0)] [TID 964][red-updater]: Creating directory paths: 'C:/users/steamuser/AppData/Local/Programs/CD Projekt Red/REDlauncher/download'.
2023-09-25 22:08:43.915 [Information][ (0)] [TID 964][red-updater]: Successfully prepared download directory.
2023-09-25 22:08:43.917 [Information][ (0)] [TID 964][red-updater]: Checking component 'desktop-red-launcher' if update is needed (local: 2.14.1.36, remote: 2.14.1.36)
2023-09-25 22:08:43.918 [Information][ (0)] [TID 964][red-updater]: Update for component 'desktop-red-launcher' is not needed 
2023-09-25 22:08:43.920 [Information][ (0)] [TID 964][red-updater]: Checking component 'desktop-red-updater' if update is needed (local: 2.14.1.36, remote: 2.14.1.36)
2023-09-25 22:08:43.921 [Information][ (0)] [TID 964][red-updater]: Update for component 'desktop-red-updater' is not needed 
2023-09-25 22:08:43.923 [Information][ (0)] [TID 964][red-updater]: Background exit code 0: Returned successfully..
2023-09-25 22:08:44.835 [Information][ (0)] [TID 556][red-launcher]: Process finished successfully with exit code 0. Command: C:\users\steamuser\AppData\Local\Programs\CD Projekt Red\REDlauncher\prefetch\desktop-red-updater\REDupdater.exe, Initial Directory: C:\users\steamuser\AppData\Local\Programs\CD Projekt Red\REDlauncher\prefetch\desktop-red-updater, Elevation Mode: DontChange, Arguments: { --updater-session-identifier=5046c3c4-2518-4119-976a-6fbfaf361ef0 /clientUpdatePath="C:/users/steamuser/AppData/Local/Programs/CD Projekt Red/REDlauncher" /noElevationRequired /previousClientVersion="2.14.1.36" /redistUpdatePath="C:/users/steamuser/AppData/Local/Programs/CD Projekt Red/REDlauncher" /silent /updateClient /updateRedist /updateStrategy="BackgroundNormal" }, Success Range: Zero|GreaterThanZero.
2023-09-25 22:08:44.846 [Information][ (0)] [TID 556][red-launcher]: Launch update completed under PID 936, elevation was false, and exit code is 0.
2023-09-25 22:08:44.849 [Information][ (0)] [TID 556][red-launcher]: Self-update check completed and found no update, next check at Mon Sep 25 23:08:41 2023.
2023-09-25 22:08:45.843 [Warning][ (0)] [TID 516][red-launcher]: Failed to detect installed games on the platform 'epic'. Error Message: Failed to deserialize the Epic manifest file 'C:/ProgramData\Epic\UnrealEngineLauncher\LauncherInstalled.dat'.
		Stack Trace
6: UNK - 0x50b04f
5: UNK - 0x4cade5
4: UNK - 0x4cc4fa
3: UNK - 0x4c90a3
2: UNK - 0x4c67d9
1: UNK - 0x671aa958
0: UNK - 0x65011aed
		-----

2023-09-25 22:08:45.863 [Information][ (0)] [TID 516][red-launcher]: Completed Launcher update check.
2023-09-25 22:08:46.036 [Information][ (0)] [TID 516][red-launcher]: The internet API status changed to 'Online'.
2023-09-25 22:08:46.194 [Information][ (0)] [TID 516][red-launcher]: [JS] Online state has changed to Online
2023-09-25 22:08:46.255 [Information][ (0)] [TID 516][red-launcher]: [JS] App has been resized
2023-09-25 22:08:46.258 [Information][ (0)] [TID 516][red-launcher]: The GUI was loaded successfully.
2023-09-25 22:08:46.260 [Information][ (0)] [TID 516][red-launcher]: No user ID in the settings file.
